\BOOKMARK [0][-]{chapter*.1}{\376\377\000A\000b\000s\000t\000r\000a\000c\000t}{}% 1
\BOOKMARK [0][-]{toc.0}{\376\377\000T\000a\000b\000l\000e\000\040\000o\000f\000\040\000C\000o\000n\000t\000e\000n\000t\000s}{}% 2
\BOOKMARK [0][-]{chapter.3}{\376\377\0001\000\040\000I\000n\000t\000r\000o\000d\000u\000c\000t\000i\000o\000n}{}% 3
\BOOKMARK [0][-]{chapter.4}{\376\377\0002\000\040\000B\000a\000c\000k\000g\000r\000o\000u\000n\000d}{}% 4
\BOOKMARK [1][-]{section.5}{\376\377\0002\000.\0001\000\040\000L\000o\000n\000g\000\040\000R\000a\000n\000g\000e\000\040\000\050\000L\000o\000R\000a\000\051\000\040\000W\000i\000r\000e\000l\000e\000s\000s\000\040\000T\000e\000c\000h\000n\000o\000l\000o\000g\000y}{chapter.4}% 5
\BOOKMARK [1][-]{section.7}{\376\377\0002\000.\0002\000\040\000O\000v\000e\000r\000v\000i\000e\000w\000\040\000o\000f\000\040\000T\000i\000n\000y\000S\000S\000B}{chapter.4}% 6
\BOOKMARK [2][-]{subsection.8}{\376\377\0002\000.\0002\000.\0001\000\040\000P\000u\000r\000e\0002\0005\0005\0001\0009\000\040\000S\000i\000g\000n\000a\000t\000u\000r\000e\000\040\000a\000n\000d\000\040\000H\000a\000s\000h\000\040\000f\000u\000n\000c\000t\000i\000o\000n\000s}{section.7}% 7
\BOOKMARK [2][-]{subsection.9}{\376\377\0002\000.\0002\000.\0002\000\040\000S\000i\000g\000n\000i\000n\000g\000\040\000a\000n\000d\000\040\000V\000e\000r\000i\000f\000y\000i\000n\000g\000\040\000P\000a\000c\000k\000e\000t\000s}{section.7}% 8
\BOOKMARK [2][-]{subsection.12}{\376\377\0002\000.\0002\000.\0003\000\040\000S\000e\000n\000d\000i\000n\000g\000\040\000D\000a\000t\000a\000\040\000t\000h\000r\000o\000u\000g\000h\000\040\000t\000h\000e\000\040\000N\000e\000t\000w\000o\000r\000k}{section.7}% 9
\BOOKMARK [2][-]{subsection.14}{\376\377\0002\000.\0002\000.\0004\000\040\000T\000r\000u\000s\000t\000\040\000A\000n\000c\000h\000o\000r\000s}{section.7}% 10
\BOOKMARK [2][-]{subsection.18}{\376\377\0002\000.\0002\000.\0005\000\040\000R\000e\000q\000u\000e\000s\000t\000i\000n\000g\000\040\000P\000a\000c\000k\000e\000t\000s}{section.7}% 11
\BOOKMARK [2][-]{subsection.22}{\376\377\0002\000.\0002\000.\0006\000\040\000S\000i\000d\000e\000\040\000H\000a\000s\000h\000\040\000C\000h\000a\000i\000n\000s}{section.7}% 12
\BOOKMARK [2][-]{subsection.24}{\376\377\0002\000.\0002\000.\0007\000\040\000C\000r\000e\000a\000t\000i\000n\000g\000\040\000C\000h\000i\000l\000d\000\040\000F\000e\000e\000d\000s}{section.7}% 13
\BOOKMARK [2][-]{subsection.26}{\376\377\0002\000.\0002\000.\0008\000\040\000C\000r\000e\000a\000t\000i\000n\000g\000\040\000C\000o\000n\000t\000i\000n\000u\000a\000t\000i\000o\000n\000\040\000F\000e\000e\000d\000s}{section.7}% 14
\BOOKMARK [1][-]{section.28}{\376\377\0002\000.\0003\000\040\000P\000y\000c\000o\000m\000\040\0004}{chapter.4}% 15
\BOOKMARK [0][-]{chapter.29}{\376\377\0003\000\040\000F\000e\000e\000d\000\040\000T\000r\000e\000e\000s}{}% 16
\BOOKMARK [1][-]{section.30}{\376\377\0003\000.\0001\000\040\000F\000o\000r\000k\000\040\000T\000r\000e\000e}{chapter.29}% 17
\BOOKMARK [2][-]{subsection.31}{\376\377\0003\000.\0001\000.\0001\000\040\000F\000e\000e\000d\000\040\000L\000i\000m\000i\000t\000a\000t\000i\000o\000n\000s}{section.30}% 18
\BOOKMARK [2][-]{subsection.32}{\376\377\0003\000.\0001\000.\0002\000\040\000I\000n\000i\000t\000i\000a\000l\000i\000z\000a\000t\000i\000o\000n}{section.30}% 19
\BOOKMARK [2][-]{subsection.34}{\376\377\0003\000.\0001\000.\0003\000\040\000C\000r\000e\000a\000t\000i\000n\000g\000\040\000a\000\040\000F\000o\000r\000k}{section.30}% 20
\BOOKMARK [2][-]{subsection.38}{\376\377\0003\000.\0001\000.\0004\000\040\000P\000r\000o\000d\000u\000c\000e\000r\000\040\000v\000s\000\040\000C\000o\000n\000s\000u\000m\000e\000r}{section.30}% 21
\BOOKMARK [2][-]{subsection.41}{\376\377\0003\000.\0001\000.\0005\000\040\000H\000a\000n\000d\000l\000i\000n\000g\000\040\000t\000h\000e\000\040\000D\000M\000X\000\040\000V\000a\000l\000u\000e\000s}{section.30}% 22
\BOOKMARK [1][-]{section.42}{\376\377\0003\000.\0002\000\040\000S\000e\000s\000s\000i\000o\000n\000\040\000T\000r\000e\000e}{chapter.29}% 23
\BOOKMARK [2][-]{subsection.43}{\376\377\0003\000.\0002\000.\0001\000\040\000F\000e\000e\000d\000\040\000L\000i\000m\000i\000t\000a\000t\000i\000o\000n\000s}{section.42}% 24
\BOOKMARK [2][-]{subsection.44}{\376\377\0003\000.\0002\000.\0002\000\040\000I\000n\000i\000t\000i\000a\000l\000i\000z\000a\000t\000i\000o\000n}{section.42}% 25
\BOOKMARK [2][-]{subsection.46}{\376\377\0003\000.\0002\000.\0003\000\040\000P\000o\000i\000n\000t\000e\000r\000\040\000F\000e\000e\000d\000s}{section.42}% 26
\BOOKMARK [2][-]{subsection.49}{\376\377\0003\000.\0002\000.\0004\000\040\000P\000r\000o\000d\000u\000c\000e\000r\000\040\000v\000s\000\040\000C\000o\000n\000s\000u\000m\000e\000r}{section.42}% 27
\BOOKMARK [2][-]{subsection.50}{\376\377\0003\000.\0002\000.\0005\000\040\000H\000a\000n\000d\000l\000i\000n\000g\000\040\000t\000h\000e\000\040\000D\000M\000X\000\040\000V\000a\000l\000u\000e\000s}{section.42}% 28
\BOOKMARK [0][-]{chapter.51}{\376\377\0004\000\040\000C\000o\000n\000c\000l\000u\000s\000i\000o\000n}{}% 29
\BOOKMARK [0][-]{appendix*.52}{\376\377\000B\000i\000b\000l\000i\000o\000g\000r\000a\000p\000h\000y}{}% 30
\BOOKMARK [0][-]{appendix.53}{\376\377\000A\000\040\000A\000p\000p\000e\000n\000d\000i\000x}{}% 31
